<?xml version="1.0" encoding="UTF-8"?>
<!-- Generated by org.testng.reporters.JUnitReportReporter -->
<testsuite hostname="DESKTOP-NB1AD2I" failures="0" tests="1" name="cucumberOptions.TestNgRunner" time="10.099" errors="0" timestamp="2025-07-12T20:05:52 IST" skipped="0">
  <testcase classname="cucumberOptions.TestNgRunner" name="runScenario" time="10.099"/>
</testsuite> <!-- cucumberOptions.TestNgRunner -->
